[debug] [2025-09-23T23:14:28.630Z] ----------------------------------------------------------------------
[debug] [2025-09-23T23:14:28.631Z] Command:       /Users/mehmettahauyar/.nvm/versions/node/v22.3.0/bin/node /Users/mehmettahauyar/.nvm/versions/node/v22.3.0/bin/firebase deploy --project gencsafa-management-app --only functions
[debug] [2025-09-23T23:14:28.631Z] CLI Version:   13.32.0
[debug] [2025-09-23T23:14:28.631Z] Platform:      darwin
[debug] [2025-09-23T23:14:28.631Z] Node Version:  v22.3.0
[debug] [2025-09-23T23:14:28.632Z] Time:          Wed Sep 24 2025 02:14:28 GMT+0300 (GMT+03:00)
[debug] [2025-09-23T23:14:28.632Z] ----------------------------------------------------------------------
[debug] 
[debug] [2025-09-23T23:14:28.712Z] > command requires scopes: ["email","openid","https://www.googleapis.com/auth/cloudplatformprojects.readonly","https://www.googleapis.com/auth/firebase","https://www.googleapis.com/auth/cloud-platform"]
[debug] [2025-09-23T23:14:28.712Z] > authorizing via signed-in user (mehmettahauyarr@gmail.com)
[debug] [2025-09-23T23:14:28.712Z] [iam] checking project gencsafa-management-app for permissions ["cloudfunctions.functions.create","cloudfunctions.functions.delete","cloudfunctions.functions.get","cloudfunctions.functions.list","cloudfunctions.functions.update","cloudfunctions.operations.get","firebase.projects.get"]
[debug] [2025-09-23T23:14:28.712Z] Checked if tokens are valid: false, expires at: 1758669778311
[debug] [2025-09-23T23:14:28.712Z] Checked if tokens are valid: false, expires at: 1758669778311
[debug] [2025-09-23T23:14:28.713Z] > refreshing access token with scopes: []
[debug] [2025-09-23T23:14:28.713Z] >>> [apiv2][query] POST https://www.googleapis.com/oauth2/v3/token [none]
[debug] [2025-09-23T23:14:28.713Z] >>> [apiv2][body] POST https://www.googleapis.com/oauth2/v3/token [omitted]
[debug] [2025-09-23T23:14:28.988Z] <<< [apiv2][status] POST https://www.googleapis.com/oauth2/v3/token 200
[debug] [2025-09-23T23:14:28.988Z] <<< [apiv2][body] POST https://www.googleapis.com/oauth2/v3/token [omitted]
[debug] [2025-09-23T23:14:29.003Z] >>> [apiv2][query] POST https://cloudresourcemanager.googleapis.com/v1/projects/gencsafa-management-app:testIamPermissions [none]
[debug] [2025-09-23T23:14:29.003Z] >>> [apiv2][(partial)header] POST https://cloudresourcemanager.googleapis.com/v1/projects/gencsafa-management-app:testIamPermissions x-goog-quota-user=projects/gencsafa-management-app
[debug] [2025-09-23T23:14:29.003Z] >>> [apiv2][body] POST https://cloudresourcemanager.googleapis.com/v1/projects/gencsafa-management-app:testIamPermissions {"permissions":["cloudfunctions.functions.create","cloudfunctions.functions.delete","cloudfunctions.functions.get","cloudfunctions.functions.list","cloudfunctions.functions.update","cloudfunctions.operations.get","firebase.projects.get"]}
[debug] [2025-09-23T23:14:30.093Z] <<< [apiv2][status] POST https://cloudresourcemanager.googleapis.com/v1/projects/gencsafa-management-app:testIamPermissions 200
[debug] [2025-09-23T23:14:30.093Z] <<< [apiv2][body] POST https://cloudresourcemanager.googleapis.com/v1/projects/gencsafa-management-app:testIamPermissions {"permissions":["cloudfunctions.functions.create","cloudfunctions.functions.delete","cloudfunctions.functions.get","cloudfunctions.functions.list","cloudfunctions.functions.update","cloudfunctions.operations.get","firebase.projects.get"]}
[debug] [2025-09-23T23:14:30.093Z] Checked if tokens are valid: true, expires at: 1758672867988
[debug] [2025-09-23T23:14:30.093Z] Checked if tokens are valid: true, expires at: 1758672867988
[debug] [2025-09-23T23:14:30.093Z] >>> [apiv2][query] POST https://iam.googleapis.com/v1/projects/gencsafa-management-app/serviceAccounts/gencsafa-management-app@appspot.gserviceaccount.com:testIamPermissions [none]
[debug] [2025-09-23T23:14:30.094Z] >>> [apiv2][body] POST https://iam.googleapis.com/v1/projects/gencsafa-management-app/serviceAccounts/gencsafa-management-app@appspot.gserviceaccount.com:testIamPermissions {"permissions":["iam.serviceAccounts.actAs"]}
[debug] [2025-09-23T23:14:31.139Z] <<< [apiv2][status] POST https://iam.googleapis.com/v1/projects/gencsafa-management-app/serviceAccounts/gencsafa-management-app@appspot.gserviceaccount.com:testIamPermissions 200
[debug] [2025-09-23T23:14:31.139Z] <<< [apiv2][body] POST https://iam.googleapis.com/v1/projects/gencsafa-management-app/serviceAccounts/gencsafa-management-app@appspot.gserviceaccount.com:testIamPermissions {"permissions":["iam.serviceAccounts.actAs"]}
[info] 
[info] === Deploying to 'gencsafa-management-app'...
[info] 
[info] i  deploying functions 
[debug] [2025-09-23T23:14:31.142Z] Checked if tokens are valid: true, expires at: 1758672867988
[debug] [2025-09-23T23:14:31.142Z] Checked if tokens are valid: true, expires at: 1758672867988
[debug] [2025-09-23T23:14:31.142Z] >>> [apiv2][query] GET https://cloudresourcemanager.googleapis.com/v1/projects/gencsafa-management-app [none]
[debug] [2025-09-23T23:14:31.436Z] <<< [apiv2][status] GET https://cloudresourcemanager.googleapis.com/v1/projects/gencsafa-management-app 200
[debug] [2025-09-23T23:14:31.436Z] <<< [apiv2][body] GET https://cloudresourcemanager.googleapis.com/v1/projects/gencsafa-management-app {"projectNumber":"571545558200","projectId":"gencsafa-management-app","lifecycleState":"ACTIVE","name":"gencsafa-management-app","labels":{"firebase":"enabled","firebase-core":"disabled"},"createTime":"2025-04-26T15:23:48.543790Z"}
[info] i  functions: preparing codebase default for deployment 
[info] i  functions: ensuring required API cloudfunctions.googleapis.com is enabled... 
[debug] [2025-09-23T23:14:31.438Z] Checked if tokens are valid: true, expires at: 1758672867988
[debug] [2025-09-23T23:14:31.438Z] Checked if tokens are valid: true, expires at: 1758672867988
[debug] [2025-09-23T23:14:31.438Z] Checked if tokens are valid: true, expires at: 1758672867988
[debug] [2025-09-23T23:14:31.438Z] Checked if tokens are valid: true, expires at: 1758672867988
[info] i  functions: ensuring required API cloudbuild.googleapis.com is enabled... 
[debug] [2025-09-23T23:14:31.438Z] Checked if tokens are valid: true, expires at: 1758672867988
[debug] [2025-09-23T23:14:31.438Z] Checked if tokens are valid: true, expires at: 1758672867988
[info] i  artifactregistry: ensuring required API artifactregistry.googleapis.com is enabled... 
[debug] [2025-09-23T23:14:31.438Z] Checked if tokens are valid: true, expires at: 1758672867988
[debug] [2025-09-23T23:14:31.438Z] Checked if tokens are valid: true, expires at: 1758672867988
[debug] [2025-09-23T23:14:31.439Z] >>> [apiv2][query] GET https://serviceusage.googleapis.com/v1/projects/gencsafa-management-app/services/cloudfunctions.googleapis.com [none]
[debug] [2025-09-23T23:14:31.439Z] >>> [apiv2][(partial)header] GET https://serviceusage.googleapis.com/v1/projects/gencsafa-management-app/services/cloudfunctions.googleapis.com x-goog-quota-user=projects/gencsafa-management-app
[debug] [2025-09-23T23:14:31.440Z] >>> [apiv2][query] GET https://serviceusage.googleapis.com/v1/projects/gencsafa-management-app/services/runtimeconfig.googleapis.com [none]
[debug] [2025-09-23T23:14:31.440Z] >>> [apiv2][(partial)header] GET https://serviceusage.googleapis.com/v1/projects/gencsafa-management-app/services/runtimeconfig.googleapis.com x-goog-quota-user=projects/gencsafa-management-app
[debug] [2025-09-23T23:14:31.441Z] >>> [apiv2][query] GET https://serviceusage.googleapis.com/v1/projects/gencsafa-management-app/services/cloudbuild.googleapis.com [none]
[debug] [2025-09-23T23:14:31.441Z] >>> [apiv2][(partial)header] GET https://serviceusage.googleapis.com/v1/projects/gencsafa-management-app/services/cloudbuild.googleapis.com x-goog-quota-user=projects/gencsafa-management-app
[debug] [2025-09-23T23:14:31.442Z] >>> [apiv2][query] GET https://serviceusage.googleapis.com/v1/projects/gencsafa-management-app/services/artifactregistry.googleapis.com [none]
[debug] [2025-09-23T23:14:31.442Z] >>> [apiv2][(partial)header] GET https://serviceusage.googleapis.com/v1/projects/gencsafa-management-app/services/artifactregistry.googleapis.com x-goog-quota-user=projects/gencsafa-management-app
[debug] [2025-09-23T23:14:32.636Z] <<< [apiv2][status] GET https://serviceusage.googleapis.com/v1/projects/gencsafa-management-app/services/runtimeconfig.googleapis.com 200
[debug] [2025-09-23T23:14:32.636Z] <<< [apiv2][body] GET https://serviceusage.googleapis.com/v1/projects/gencsafa-management-app/services/runtimeconfig.googleapis.com [omitted]
[debug] [2025-09-23T23:14:32.643Z] <<< [apiv2][status] GET https://serviceusage.googleapis.com/v1/projects/gencsafa-management-app/services/cloudbuild.googleapis.com 200
[debug] [2025-09-23T23:14:32.643Z] <<< [apiv2][body] GET https://serviceusage.googleapis.com/v1/projects/gencsafa-management-app/services/cloudbuild.googleapis.com [omitted]
[info] ✔  functions: required API cloudbuild.googleapis.com is enabled 
[debug] [2025-09-23T23:14:32.646Z] <<< [apiv2][status] GET https://serviceusage.googleapis.com/v1/projects/gencsafa-management-app/services/cloudfunctions.googleapis.com 200
[debug] [2025-09-23T23:14:32.646Z] <<< [apiv2][body] GET https://serviceusage.googleapis.com/v1/projects/gencsafa-management-app/services/cloudfunctions.googleapis.com [omitted]
[info] ✔  functions: required API cloudfunctions.googleapis.com is enabled 
[debug] [2025-09-23T23:14:32.651Z] <<< [apiv2][status] GET https://serviceusage.googleapis.com/v1/projects/gencsafa-management-app/services/artifactregistry.googleapis.com 200
[debug] [2025-09-23T23:14:32.651Z] <<< [apiv2][body] GET https://serviceusage.googleapis.com/v1/projects/gencsafa-management-app/services/artifactregistry.googleapis.com [omitted]
[info] ✔  artifactregistry: required API artifactregistry.googleapis.com is enabled 
[debug] [2025-09-23T23:14:32.651Z] Checked if tokens are valid: true, expires at: 1758672867988
[debug] [2025-09-23T23:14:32.651Z] Checked if tokens are valid: true, expires at: 1758672867988
[debug] [2025-09-23T23:14:32.651Z] >>> [apiv2][query] GET https://firebase.googleapis.com/v1beta1/projects/gencsafa-management-app/adminSdkConfig [none]
[debug] [2025-09-23T23:14:33.185Z] <<< [apiv2][status] GET https://firebase.googleapis.com/v1beta1/projects/gencsafa-management-app/adminSdkConfig 200
[debug] [2025-09-23T23:14:33.186Z] <<< [apiv2][body] GET https://firebase.googleapis.com/v1beta1/projects/gencsafa-management-app/adminSdkConfig {"projectId":"gencsafa-management-app","storageBucket":"gencsafa-management-app.firebasestorage.app"}
[debug] [2025-09-23T23:14:33.186Z] Checked if tokens are valid: true, expires at: 1758672867988
[debug] [2025-09-23T23:14:33.186Z] Checked if tokens are valid: true, expires at: 1758672867988
[debug] [2025-09-23T23:14:33.187Z] >>> [apiv2][query] GET https://runtimeconfig.googleapis.com/v1beta1/projects/gencsafa-management-app/configs [none]
[debug] [2025-09-23T23:14:33.713Z] <<< [apiv2][status] GET https://runtimeconfig.googleapis.com/v1beta1/projects/gencsafa-management-app/configs 200
[debug] [2025-09-23T23:14:33.714Z] <<< [apiv2][body] GET https://runtimeconfig.googleapis.com/v1beta1/projects/gencsafa-management-app/configs {}
[debug] [2025-09-23T23:14:33.715Z] Validating nodejs source
[debug] [2025-09-23T23:14:34.142Z] > [functions] package.json contents: {
  "name": "ibn-i-zaman-functions",
  "main": "lib/index.js",
  "type": "module",
  "engines": {
    "node": "20"
  },
  "scripts": {
    "build": "tsc -p .",
    "watch": "tsc -w -p .",
    "deploy": "firebase deploy --only functions",
    "serve": "firebase emulators:start --only functions"
  },
  "dependencies": {
    "firebase-admin": "^12.6.0",
    "firebase-functions": "^6.0.0"
  },
  "devDependencies": {
    "typescript": "^5.4.0"
  }
}
[debug] [2025-09-23T23:14:34.142Z] Building nodejs source
[info] i  functions: Loading and analyzing source code for codebase default to determine what to deploy 
[debug] [2025-09-23T23:14:34.143Z] Could not find functions.yaml. Must use http discovery
[debug] [2025-09-23T23:14:34.147Z] Found firebase-functions binary at '/Users/mehmettahauyar/Desktop/ibn-i zaman/ibn-i-zaman/functions/node_modules/.bin/firebase-functions'
[info] Serving at port 8523

[debug] [2025-09-23T23:14:34.838Z] Got response from /__/functions.yaml {"endpoints":{"onMessageCreate":{"availableMemoryMb":null,"timeoutSeconds":null,"minInstances":null,"maxInstances":null,"ingressSettings":null,"concurrency":null,"serviceAccountEmail":null,"vpc":null,"platform":"gcfv2","labels":{},"eventTrigger":{"eventType":"google.cloud.firestore.document.v1.created","eventFilters":{"database":"(default)","namespace":"(default)"},"eventFilterPathPatterns":{"document":"messages/{messageId}"},"retry":false},"entryPoint":"onMessageCreate"}},"specVersion":"v1alpha1","requiredAPIs":[],"extensions":{}}
[error] (node:43739) [DEP0040] DeprecationWarning: The `punycode` module is deprecated. Please use a userland alternative instead.
(Use `node --trace-deprecation ...` to show where the warning was created)

[info] i  extensions: ensuring required API firebaseextensions.googleapis.com is enabled... 
[debug] [2025-09-23T23:14:39.854Z] Checked if tokens are valid: true, expires at: 1758672867988
[debug] [2025-09-23T23:14:39.854Z] Checked if tokens are valid: true, expires at: 1758672867988
[debug] [2025-09-23T23:14:39.854Z] >>> [apiv2][query] GET https://serviceusage.googleapis.com/v1/projects/gencsafa-management-app/services/firebaseextensions.googleapis.com [none]
[debug] [2025-09-23T23:14:39.854Z] >>> [apiv2][(partial)header] GET https://serviceusage.googleapis.com/v1/projects/gencsafa-management-app/services/firebaseextensions.googleapis.com x-goog-quota-user=projects/gencsafa-management-app
[debug] [2025-09-23T23:14:41.011Z] <<< [apiv2][status] GET https://serviceusage.googleapis.com/v1/projects/gencsafa-management-app/services/firebaseextensions.googleapis.com 200
[debug] [2025-09-23T23:14:41.011Z] <<< [apiv2][body] GET https://serviceusage.googleapis.com/v1/projects/gencsafa-management-app/services/firebaseextensions.googleapis.com [omitted]
[warn] ⚠  extensions: missing required API firebaseextensions.googleapis.com. Enabling now... 
[debug] [2025-09-23T23:14:41.011Z] Checked if tokens are valid: true, expires at: 1758672867988
[debug] [2025-09-23T23:14:41.012Z] Checked if tokens are valid: true, expires at: 1758672867988
[debug] [2025-09-23T23:14:41.012Z] >>> [apiv2][query] POST https://serviceusage.googleapis.com/v1/projects/gencsafa-management-app/services/firebaseextensions.googleapis.com:enable [none]
[debug] [2025-09-23T23:14:41.012Z] >>> [apiv2][(partial)header] POST https://serviceusage.googleapis.com/v1/projects/gencsafa-management-app/services/firebaseextensions.googleapis.com:enable x-goog-quota-user=projects/gencsafa-management-app
[debug] [2025-09-23T23:14:42.322Z] <<< [apiv2][status] POST https://serviceusage.googleapis.com/v1/projects/gencsafa-management-app/services/firebaseextensions.googleapis.com:enable 200
[debug] [2025-09-23T23:14:42.323Z] <<< [apiv2][body] POST https://serviceusage.googleapis.com/v1/projects/gencsafa-management-app/services/firebaseextensions.googleapis.com:enable [omitted]
[debug] [2025-09-23T23:14:52.324Z] Checked if tokens are valid: true, expires at: 1758672867988
[debug] [2025-09-23T23:14:52.325Z] Checked if tokens are valid: true, expires at: 1758672867988
[debug] [2025-09-23T23:14:52.325Z] >>> [apiv2][query] GET https://serviceusage.googleapis.com/v1/projects/gencsafa-management-app/services/firebaseextensions.googleapis.com [none]
[debug] [2025-09-23T23:14:52.325Z] >>> [apiv2][(partial)header] GET https://serviceusage.googleapis.com/v1/projects/gencsafa-management-app/services/firebaseextensions.googleapis.com x-goog-quota-user=projects/gencsafa-management-app
[debug] [2025-09-23T23:14:53.877Z] <<< [apiv2][status] GET https://serviceusage.googleapis.com/v1/projects/gencsafa-management-app/services/firebaseextensions.googleapis.com 200
[debug] [2025-09-23T23:14:53.877Z] <<< [apiv2][body] GET https://serviceusage.googleapis.com/v1/projects/gencsafa-management-app/services/firebaseextensions.googleapis.com [omitted]
[info] ✔  extensions: required API firebaseextensions.googleapis.com is enabled 
[debug] [2025-09-23T23:14:53.881Z] > command requires scopes: ["email","openid","https://www.googleapis.com/auth/cloudplatformprojects.readonly","https://www.googleapis.com/auth/firebase","https://www.googleapis.com/auth/cloud-platform"]
[debug] [2025-09-23T23:14:53.881Z] > authorizing via signed-in user (mehmettahauyarr@gmail.com)
[debug] [2025-09-23T23:14:53.881Z] [iam] checking project gencsafa-management-app for permissions ["firebase.projects.get","firebaseextensions.instances.list"]
[debug] [2025-09-23T23:14:53.881Z] Checked if tokens are valid: true, expires at: 1758672867988
[debug] [2025-09-23T23:14:53.881Z] Checked if tokens are valid: true, expires at: 1758672867988
[debug] [2025-09-23T23:14:53.881Z] >>> [apiv2][query] POST https://cloudresourcemanager.googleapis.com/v1/projects/gencsafa-management-app:testIamPermissions [none]
[debug] [2025-09-23T23:14:53.882Z] >>> [apiv2][(partial)header] POST https://cloudresourcemanager.googleapis.com/v1/projects/gencsafa-management-app:testIamPermissions x-goog-quota-user=projects/gencsafa-management-app
[debug] [2025-09-23T23:14:53.882Z] >>> [apiv2][body] POST https://cloudresourcemanager.googleapis.com/v1/projects/gencsafa-management-app:testIamPermissions {"permissions":["firebase.projects.get","firebaseextensions.instances.list"]}
[debug] [2025-09-23T23:14:54.895Z] <<< [apiv2][status] POST https://cloudresourcemanager.googleapis.com/v1/projects/gencsafa-management-app:testIamPermissions 200
[debug] [2025-09-23T23:14:54.895Z] <<< [apiv2][body] POST https://cloudresourcemanager.googleapis.com/v1/projects/gencsafa-management-app:testIamPermissions {"permissions":["firebase.projects.get","firebaseextensions.instances.list"]}
[debug] [2025-09-23T23:14:54.895Z] Checked if tokens are valid: true, expires at: 1758672867988
[debug] [2025-09-23T23:14:54.895Z] Checked if tokens are valid: true, expires at: 1758672867988
[debug] [2025-09-23T23:14:54.896Z] >>> [apiv2][query] GET https://firebaseextensions.googleapis.com/v1beta/projects/gencsafa-management-app/instances pageSize=100&pageToken=
[debug] [2025-09-23T23:14:57.151Z] <<< [apiv2][status] GET https://firebaseextensions.googleapis.com/v1beta/projects/gencsafa-management-app/instances 200
[debug] [2025-09-23T23:14:57.151Z] <<< [apiv2][body] GET https://firebaseextensions.googleapis.com/v1beta/projects/gencsafa-management-app/instances {}
[info] i  functions: preparing functions directory for uploading... 
[info] i  functions: packaged /Users/mehmettahauyar/Desktop/ibn-i zaman/ibn-i-zaman/functions (31.93 KB) for uploading 
[debug] [2025-09-23T23:14:57.185Z] Checked if tokens are valid: true, expires at: 1758672867988
[debug] [2025-09-23T23:14:57.185Z] Checked if tokens are valid: true, expires at: 1758672867988
[debug] [2025-09-23T23:14:57.186Z] >>> [apiv2][query] GET https://cloudfunctions.googleapis.com/v1/projects/gencsafa-management-app/locations/-/functions [none]
[debug] [2025-09-23T23:14:57.969Z] <<< [apiv2][status] GET https://cloudfunctions.googleapis.com/v1/projects/gencsafa-management-app/locations/-/functions 200
[debug] [2025-09-23T23:14:57.970Z] <<< [apiv2][body] GET https://cloudfunctions.googleapis.com/v1/projects/gencsafa-management-app/locations/-/functions {}
[debug] [2025-09-23T23:14:57.970Z] Checked if tokens are valid: true, expires at: 1758672867988
[debug] [2025-09-23T23:14:57.970Z] Checked if tokens are valid: true, expires at: 1758672867988
[debug] [2025-09-23T23:14:57.971Z] >>> [apiv2][query] GET https://cloudfunctions.googleapis.com/v2/projects/gencsafa-management-app/locations/-/functions filter=environment%3D%22GEN_2%22
[debug] [2025-09-23T23:14:58.594Z] <<< [apiv2][status] GET https://cloudfunctions.googleapis.com/v2/projects/gencsafa-management-app/locations/-/functions 200
[debug] [2025-09-23T23:14:58.594Z] <<< [apiv2][body] GET https://cloudfunctions.googleapis.com/v2/projects/gencsafa-management-app/locations/-/functions {}
[debug] [2025-09-23T23:14:58.596Z] Checked if tokens are valid: true, expires at: 1758672867988
[debug] [2025-09-23T23:14:58.596Z] Checked if tokens are valid: true, expires at: 1758672867988
[debug] [2025-09-23T23:14:58.596Z] >>> [apiv2][query] GET https://firestore.googleapis.com/v1/projects/gencsafa-management-app/databases/(default) [none]
[debug] [2025-09-23T23:14:59.697Z] <<< [apiv2][status] GET https://firestore.googleapis.com/v1/projects/gencsafa-management-app/databases/(default) 200
[debug] [2025-09-23T23:14:59.697Z] <<< [apiv2][body] GET https://firestore.googleapis.com/v1/projects/gencsafa-management-app/databases/(default) {"name":"projects/gencsafa-management-app/databases/(default)","uid":"5c5fcad5-4403-4450-a6b7-1d6de3b43558","createTime":"2025-04-26T22:28:50.665124Z","updateTime":"2025-04-26T22:28:50.665124Z","locationId":"nam5","type":"FIRESTORE_NATIVE","concurrencyMode":"PESSIMISTIC","versionRetentionPeriod":"3600s","earliestVersionTime":"2025-09-23T22:14:59.680259Z","appEngineIntegrationMode":"DISABLED","keyPrefix":"s","pointInTimeRecoveryEnablement":"POINT_IN_TIME_RECOVERY_DISABLED","deleteProtectionState":"DELETE_PROTECTION_DISABLED","databaseEdition":"STANDARD","freeTier":true,"etag":"II+EiteB8I8DMICiobbm9owD"}
[info] i  functions: ensuring required API run.googleapis.com is enabled... 
[debug] [2025-09-23T23:14:59.700Z] Checked if tokens are valid: true, expires at: 1758672867988
[debug] [2025-09-23T23:14:59.700Z] Checked if tokens are valid: true, expires at: 1758672867988
[info] i  functions: ensuring required API eventarc.googleapis.com is enabled... 
[debug] [2025-09-23T23:14:59.700Z] Checked if tokens are valid: true, expires at: 1758672867988
[debug] [2025-09-23T23:14:59.700Z] Checked if tokens are valid: true, expires at: 1758672867988
[info] i  functions: ensuring required API pubsub.googleapis.com is enabled... 
[debug] [2025-09-23T23:14:59.700Z] Checked if tokens are valid: true, expires at: 1758672867988
[debug] [2025-09-23T23:14:59.700Z] Checked if tokens are valid: true, expires at: 1758672867988
[info] i  functions: ensuring required API storage.googleapis.com is enabled... 
[debug] [2025-09-23T23:14:59.701Z] Checked if tokens are valid: true, expires at: 1758672867988
[debug] [2025-09-23T23:14:59.701Z] Checked if tokens are valid: true, expires at: 1758672867988
[debug] [2025-09-23T23:14:59.701Z] >>> [apiv2][query] GET https://serviceusage.googleapis.com/v1/projects/gencsafa-management-app/services/run.googleapis.com [none]
[debug] [2025-09-23T23:14:59.701Z] >>> [apiv2][(partial)header] GET https://serviceusage.googleapis.com/v1/projects/gencsafa-management-app/services/run.googleapis.com x-goog-quota-user=projects/gencsafa-management-app
[debug] [2025-09-23T23:14:59.703Z] >>> [apiv2][query] GET https://serviceusage.googleapis.com/v1/projects/gencsafa-management-app/services/eventarc.googleapis.com [none]
[debug] [2025-09-23T23:14:59.703Z] >>> [apiv2][(partial)header] GET https://serviceusage.googleapis.com/v1/projects/gencsafa-management-app/services/eventarc.googleapis.com x-goog-quota-user=projects/gencsafa-management-app
[debug] [2025-09-23T23:14:59.705Z] >>> [apiv2][query] GET https://serviceusage.googleapis.com/v1/projects/gencsafa-management-app/services/pubsub.googleapis.com [none]
[debug] [2025-09-23T23:14:59.705Z] >>> [apiv2][(partial)header] GET https://serviceusage.googleapis.com/v1/projects/gencsafa-management-app/services/pubsub.googleapis.com x-goog-quota-user=projects/gencsafa-management-app
[debug] [2025-09-23T23:14:59.707Z] >>> [apiv2][query] GET https://serviceusage.googleapis.com/v1/projects/gencsafa-management-app/services/storage.googleapis.com [none]
[debug] [2025-09-23T23:14:59.708Z] >>> [apiv2][(partial)header] GET https://serviceusage.googleapis.com/v1/projects/gencsafa-management-app/services/storage.googleapis.com x-goog-quota-user=projects/gencsafa-management-app
[debug] [2025-09-23T23:15:00.814Z] <<< [apiv2][status] GET https://serviceusage.googleapis.com/v1/projects/gencsafa-management-app/services/eventarc.googleapis.com 200
[debug] [2025-09-23T23:15:00.814Z] <<< [apiv2][body] GET https://serviceusage.googleapis.com/v1/projects/gencsafa-management-app/services/eventarc.googleapis.com [omitted]
[warn] ⚠  functions: missing required API eventarc.googleapis.com. Enabling now... 
[debug] [2025-09-23T23:15:00.815Z] Checked if tokens are valid: true, expires at: 1758672867988
[debug] [2025-09-23T23:15:00.815Z] Checked if tokens are valid: true, expires at: 1758672867988
[debug] [2025-09-23T23:15:00.815Z] >>> [apiv2][query] POST https://serviceusage.googleapis.com/v1/projects/gencsafa-management-app/services/eventarc.googleapis.com:enable [none]
[debug] [2025-09-23T23:15:00.815Z] >>> [apiv2][(partial)header] POST https://serviceusage.googleapis.com/v1/projects/gencsafa-management-app/services/eventarc.googleapis.com:enable x-goog-quota-user=projects/gencsafa-management-app
[debug] [2025-09-23T23:15:00.819Z] <<< [apiv2][status] GET https://serviceusage.googleapis.com/v1/projects/gencsafa-management-app/services/run.googleapis.com 200
[debug] [2025-09-23T23:15:00.819Z] <<< [apiv2][body] GET https://serviceusage.googleapis.com/v1/projects/gencsafa-management-app/services/run.googleapis.com [omitted]
[warn] ⚠  functions: missing required API run.googleapis.com. Enabling now... 
[debug] [2025-09-23T23:15:00.820Z] Checked if tokens are valid: true, expires at: 1758672867988
[debug] [2025-09-23T23:15:00.820Z] Checked if tokens are valid: true, expires at: 1758672867988
[debug] [2025-09-23T23:15:00.820Z] >>> [apiv2][query] POST https://serviceusage.googleapis.com/v1/projects/gencsafa-management-app/services/run.googleapis.com:enable [none]
[debug] [2025-09-23T23:15:00.820Z] >>> [apiv2][(partial)header] POST https://serviceusage.googleapis.com/v1/projects/gencsafa-management-app/services/run.googleapis.com:enable x-goog-quota-user=projects/gencsafa-management-app
[debug] [2025-09-23T23:15:00.823Z] <<< [apiv2][status] GET https://serviceusage.googleapis.com/v1/projects/gencsafa-management-app/services/pubsub.googleapis.com 200
[debug] [2025-09-23T23:15:00.823Z] <<< [apiv2][body] GET https://serviceusage.googleapis.com/v1/projects/gencsafa-management-app/services/pubsub.googleapis.com [omitted]
[info] ✔  functions: required API pubsub.googleapis.com is enabled 
[debug] [2025-09-23T23:15:00.831Z] <<< [apiv2][status] GET https://serviceusage.googleapis.com/v1/projects/gencsafa-management-app/services/storage.googleapis.com 200
[debug] [2025-09-23T23:15:00.831Z] <<< [apiv2][body] GET https://serviceusage.googleapis.com/v1/projects/gencsafa-management-app/services/storage.googleapis.com [omitted]
[info] ✔  functions: required API storage.googleapis.com is enabled 
[debug] [2025-09-23T23:15:01.598Z] <<< [apiv2][status] POST https://serviceusage.googleapis.com/v1/projects/gencsafa-management-app/services/run.googleapis.com:enable 200
[debug] [2025-09-23T23:15:01.599Z] <<< [apiv2][body] POST https://serviceusage.googleapis.com/v1/projects/gencsafa-management-app/services/run.googleapis.com:enable [omitted]
[debug] [2025-09-23T23:15:02.166Z] <<< [apiv2][status] POST https://serviceusage.googleapis.com/v1/projects/gencsafa-management-app/services/eventarc.googleapis.com:enable 200
[debug] [2025-09-23T23:15:02.167Z] <<< [apiv2][body] POST https://serviceusage.googleapis.com/v1/projects/gencsafa-management-app/services/eventarc.googleapis.com:enable [omitted]
[debug] [2025-09-23T23:15:11.601Z] Checked if tokens are valid: true, expires at: 1758672867988
[debug] [2025-09-23T23:15:11.602Z] Checked if tokens are valid: true, expires at: 1758672867988
[debug] [2025-09-23T23:15:11.603Z] >>> [apiv2][query] GET https://serviceusage.googleapis.com/v1/projects/gencsafa-management-app/services/run.googleapis.com [none]
[debug] [2025-09-23T23:15:11.603Z] >>> [apiv2][(partial)header] GET https://serviceusage.googleapis.com/v1/projects/gencsafa-management-app/services/run.googleapis.com x-goog-quota-user=projects/gencsafa-management-app
[debug] [2025-09-23T23:15:12.168Z] Checked if tokens are valid: true, expires at: 1758672867988
[debug] [2025-09-23T23:15:12.169Z] Checked if tokens are valid: true, expires at: 1758672867988
[debug] [2025-09-23T23:15:12.169Z] >>> [apiv2][query] GET https://serviceusage.googleapis.com/v1/projects/gencsafa-management-app/services/eventarc.googleapis.com [none]
[debug] [2025-09-23T23:15:12.169Z] >>> [apiv2][(partial)header] GET https://serviceusage.googleapis.com/v1/projects/gencsafa-management-app/services/eventarc.googleapis.com x-goog-quota-user=projects/gencsafa-management-app
[debug] [2025-09-23T23:15:12.877Z] <<< [apiv2][status] GET https://serviceusage.googleapis.com/v1/projects/gencsafa-management-app/services/run.googleapis.com 200
[debug] [2025-09-23T23:15:12.877Z] <<< [apiv2][body] GET https://serviceusage.googleapis.com/v1/projects/gencsafa-management-app/services/run.googleapis.com [omitted]
[info] ✔  functions: required API run.googleapis.com is enabled 
[debug] [2025-09-23T23:15:13.304Z] <<< [apiv2][status] GET https://serviceusage.googleapis.com/v1/projects/gencsafa-management-app/services/eventarc.googleapis.com 200
[debug] [2025-09-23T23:15:13.305Z] <<< [apiv2][body] GET https://serviceusage.googleapis.com/v1/projects/gencsafa-management-app/services/eventarc.googleapis.com [omitted]
[info] ✔  functions: required API eventarc.googleapis.com is enabled 
[info] i  functions: generating the service identity for pubsub.googleapis.com... 
[debug] [2025-09-23T23:15:13.306Z] Checked if tokens are valid: true, expires at: 1758672867988
[debug] [2025-09-23T23:15:13.306Z] Checked if tokens are valid: true, expires at: 1758672867988
[info] i  functions: generating the service identity for eventarc.googleapis.com... 
[debug] [2025-09-23T23:15:13.306Z] Checked if tokens are valid: true, expires at: 1758672867988
[debug] [2025-09-23T23:15:13.306Z] Checked if tokens are valid: true, expires at: 1758672867988
[debug] [2025-09-23T23:15:13.306Z] >>> [apiv2][query] POST https://serviceusage.googleapis.com/v1beta1/projects/571545558200/services/pubsub.googleapis.com:generateServiceIdentity [none]
[debug] [2025-09-23T23:15:13.307Z] >>> [apiv2][query] POST https://serviceusage.googleapis.com/v1beta1/projects/571545558200/services/eventarc.googleapis.com:generateServiceIdentity [none]
[debug] [2025-09-23T23:15:14.032Z] <<< [apiv2][status] POST https://serviceusage.googleapis.com/v1beta1/projects/571545558200/services/pubsub.googleapis.com:generateServiceIdentity 200
[debug] [2025-09-23T23:15:14.032Z] <<< [apiv2][body] POST https://serviceusage.googleapis.com/v1beta1/projects/571545558200/services/pubsub.googleapis.com:generateServiceIdentity {"name":"operations/finished.DONE_OPERATION","done":true,"response":{"@type":"type.googleapis.com/google.api.serviceusage.v1beta1.ServiceIdentity","email":"service-571545558200@gcp-sa-pubsub.iam.gserviceaccount.com","uniqueId":"105034523340068866758"}}
[debug] [2025-09-23T23:15:14.529Z] <<< [apiv2][status] POST https://serviceusage.googleapis.com/v1beta1/projects/571545558200/services/eventarc.googleapis.com:generateServiceIdentity 200
[debug] [2025-09-23T23:15:14.529Z] <<< [apiv2][body] POST https://serviceusage.googleapis.com/v1beta1/projects/571545558200/services/eventarc.googleapis.com:generateServiceIdentity {"name":"operations/finished.DONE_OPERATION","done":true,"response":{"@type":"type.googleapis.com/google.api.serviceusage.v1beta1.ServiceIdentity","email":"service-571545558200@gcp-sa-eventarc.iam.gserviceaccount.com","uniqueId":"115177121327407314692"}}
[debug] [2025-09-23T23:15:14.533Z] Checked if tokens are valid: true, expires at: 1758672867988
[debug] [2025-09-23T23:15:14.533Z] Checked if tokens are valid: true, expires at: 1758672867988
[debug] [2025-09-23T23:15:14.534Z] >>> [apiv2][query] POST https://cloudresourcemanager.googleapis.com/v1/projects/571545558200:getIamPolicy [none]
[debug] [2025-09-23T23:15:15.560Z] <<< [apiv2][status] POST https://cloudresourcemanager.googleapis.com/v1/projects/571545558200:getIamPolicy 200
[debug] [2025-09-23T23:15:15.560Z] <<< [apiv2][body] POST https://cloudresourcemanager.googleapis.com/v1/projects/571545558200:getIamPolicy {"version":1,"etag":"BwY/gBsuqDY=","bindings":[{"role":"roles/cloudbuild.builds.builder","members":["serviceAccount:571545558200@cloudbuild.gserviceaccount.com"]},{"role":"roles/cloudbuild.serviceAgent","members":["serviceAccount:service-571545558200@gcp-sa-cloudbuild.iam.gserviceaccount.com"]},{"role":"roles/cloudfunctions.serviceAgent","members":["serviceAccount:service-571545558200@gcf-admin-robot.iam.gserviceaccount.com"]},{"role":"roles/containerregistry.ServiceAgent","members":["serviceAccount:service-571545558200@containerregistry.iam.gserviceaccount.com"]},{"role":"roles/editor","members":["serviceAccount:571545558200@cloudservices.gserviceaccount.com","serviceAccount:gencsafa-management-app@appspot.gserviceaccount.com","serviceAccount:571545558200-compute@developer.gserviceaccount.com"]},{"role":"roles/firebase.managementServiceAgent","members":["serviceAccount:service-571545558200@gcp-sa-firebase.iam.gserviceaccount.com"]},{"role":"roles/firebase.sdkAdminServiceAgent","members":["serviceAccount:firebase-adminsdk-fbsvc@gencsafa-management-app.iam.gserviceaccount.com"]},{"role":"roles/firebasemods.serviceAgent","members":["serviceAccount:service-571545558200@gcp-sa-firebasemods.iam.gserviceaccount.com"]},{"role":"roles/firebaserules.system","members":["serviceAccount:service-571545558200@firebase-rules.iam.gserviceaccount.com"]},{"role":"roles/firestore.serviceAgent","members":["serviceAccount:service-571545558200@gcp-sa-firestore.iam.gserviceaccount.com"]},{"role":"roles/iam.serviceAccountTokenCreator","members":["serviceAccount:firebase-adminsdk-fbsvc@gencsafa-management-app.iam.gserviceaccount.com"]},{"role":"roles/owner","members":["user:mehmettahauyarr@gmail.com"]},{"role":"roles/run.serviceAgent","members":["serviceAccount:service-571545558200@serverless-robot-prod.iam.gserviceaccount.com"]}]}
[debug] [2025-09-23T23:15:15.561Z] Checked if tokens are valid: true, expires at: 1758672867988
[debug] [2025-09-23T23:15:15.561Z] Checked if tokens are valid: true, expires at: 1758672867988
[debug] [2025-09-23T23:15:15.562Z] >>> [apiv2][query] POST https://cloudresourcemanager.googleapis.com/v1/projects/571545558200:setIamPolicy [none]
[debug] [2025-09-23T23:15:15.562Z] >>> [apiv2][body] POST https://cloudresourcemanager.googleapis.com/v1/projects/571545558200:setIamPolicy {"policy":{"version":1,"etag":"BwY/gBsuqDY=","bindings":[{"role":"roles/cloudbuild.builds.builder","members":["serviceAccount:571545558200@cloudbuild.gserviceaccount.com"]},{"role":"roles/cloudbuild.serviceAgent","members":["serviceAccount:service-571545558200@gcp-sa-cloudbuild.iam.gserviceaccount.com"]},{"role":"roles/cloudfunctions.serviceAgent","members":["serviceAccount:service-571545558200@gcf-admin-robot.iam.gserviceaccount.com"]},{"role":"roles/containerregistry.ServiceAgent","members":["serviceAccount:service-571545558200@containerregistry.iam.gserviceaccount.com"]},{"role":"roles/editor","members":["serviceAccount:571545558200@cloudservices.gserviceaccount.com","serviceAccount:gencsafa-management-app@appspot.gserviceaccount.com","serviceAccount:571545558200-compute@developer.gserviceaccount.com"]},{"role":"roles/firebase.managementServiceAgent","members":["serviceAccount:service-571545558200@gcp-sa-firebase.iam.gserviceaccount.com"]},{"role":"roles/firebase.sdkAdminServiceAgent","members":["serviceAccount:firebase-adminsdk-fbsvc@gencsafa-management-app.iam.gserviceaccount.com"]},{"role":"roles/firebasemods.serviceAgent","members":["serviceAccount:service-571545558200@gcp-sa-firebasemods.iam.gserviceaccount.com"]},{"role":"roles/firebaserules.system","members":["serviceAccount:service-571545558200@firebase-rules.iam.gserviceaccount.com"]},{"role":"roles/firestore.serviceAgent","members":["serviceAccount:service-571545558200@gcp-sa-firestore.iam.gserviceaccount.com"]},{"role":"roles/iam.serviceAccountTokenCreator","members":["serviceAccount:firebase-adminsdk-fbsvc@gencsafa-management-app.iam.gserviceaccount.com","serviceAccount:service-571545558200@gcp-sa-pubsub.iam.gserviceaccount.com"]},{"role":"roles/owner","members":["user:mehmettahauyarr@gmail.com"]},{"role":"roles/run.serviceAgent","members":["serviceAccount:service-571545558200@serverless-robot-prod.iam.gserviceaccount.com"]},{"role":"roles/run.invoker","members":["serviceAccount:571545558200-compute@developer.gserviceaccount.com"]},{"role":"roles/eventarc.eventReceiver","members":["serviceAccount:571545558200-compute@developer.gserviceaccount.com"]}]},"updateMask":"bindings"}
[debug] [2025-09-23T23:15:16.682Z] <<< [apiv2][status] POST https://cloudresourcemanager.googleapis.com/v1/projects/571545558200:setIamPolicy 200
[debug] [2025-09-23T23:15:16.682Z] <<< [apiv2][body] POST https://cloudresourcemanager.googleapis.com/v1/projects/571545558200:setIamPolicy {"version":1,"etag":"BwY/gBvlRL4=","bindings":[{"role":"roles/cloudbuild.builds.builder","members":["serviceAccount:571545558200@cloudbuild.gserviceaccount.com"]},{"role":"roles/cloudbuild.serviceAgent","members":["serviceAccount:service-571545558200@gcp-sa-cloudbuild.iam.gserviceaccount.com"]},{"role":"roles/cloudfunctions.serviceAgent","members":["serviceAccount:service-571545558200@gcf-admin-robot.iam.gserviceaccount.com"]},{"role":"roles/containerregistry.ServiceAgent","members":["serviceAccount:service-571545558200@containerregistry.iam.gserviceaccount.com"]},{"role":"roles/editor","members":["serviceAccount:571545558200-compute@developer.gserviceaccount.com","serviceAccount:571545558200@cloudservices.gserviceaccount.com","serviceAccount:gencsafa-management-app@appspot.gserviceaccount.com"]},{"role":"roles/eventarc.eventReceiver","members":["serviceAccount:571545558200-compute@developer.gserviceaccount.com"]},{"role":"roles/firebase.managementServiceAgent","members":["serviceAccount:service-571545558200@gcp-sa-firebase.iam.gserviceaccount.com"]},{"role":"roles/firebase.sdkAdminServiceAgent","members":["serviceAccount:firebase-adminsdk-fbsvc@gencsafa-management-app.iam.gserviceaccount.com"]},{"role":"roles/firebasemods.serviceAgent","members":["serviceAccount:service-571545558200@gcp-sa-firebasemods.iam.gserviceaccount.com"]},{"role":"roles/firebaserules.system","members":["serviceAccount:service-571545558200@firebase-rules.iam.gserviceaccount.com"]},{"role":"roles/firestore.serviceAgent","members":["serviceAccount:service-571545558200@gcp-sa-firestore.iam.gserviceaccount.com"]},{"role":"roles/iam.serviceAccountTokenCreator","members":["serviceAccount:firebase-adminsdk-fbsvc@gencsafa-management-app.iam.gserviceaccount.com","serviceAccount:service-571545558200@gcp-sa-pubsub.iam.gserviceaccount.com"]},{"role":"roles/owner","members":["user:mehmettahauyarr@gmail.com"]},{"role":"roles/run.invoker","members":["serviceAccount:571545558200-compute@developer.gserviceaccount.com"]},{"role":"roles/run.serviceAgent","members":["serviceAccount:service-571545558200@serverless-robot-prod.iam.gserviceaccount.com"]}]}
[debug] [2025-09-23T23:15:16.684Z] Checked if tokens are valid: true, expires at: 1758672867988
[debug] [2025-09-23T23:15:16.684Z] Checked if tokens are valid: true, expires at: 1758672867988
[debug] [2025-09-23T23:15:16.684Z] >>> [apiv2][query] GET https://cloudresourcemanager.googleapis.com/v1/projects/gencsafa-management-app [none]
[debug] [2025-09-23T23:15:16.920Z] <<< [apiv2][status] GET https://cloudresourcemanager.googleapis.com/v1/projects/gencsafa-management-app 200
[debug] [2025-09-23T23:15:16.920Z] <<< [apiv2][body] GET https://cloudresourcemanager.googleapis.com/v1/projects/gencsafa-management-app {"projectNumber":"571545558200","projectId":"gencsafa-management-app","lifecycleState":"ACTIVE","name":"gencsafa-management-app","labels":{"firebase":"enabled","firebase-core":"disabled"},"createTime":"2025-04-26T15:23:48.543790Z"}
[debug] [2025-09-23T23:15:16.923Z] Checked if tokens are valid: true, expires at: 1758672867988
[debug] [2025-09-23T23:15:16.923Z] Checked if tokens are valid: true, expires at: 1758672867988
[debug] [2025-09-23T23:15:16.923Z] >>> [apiv2][query] GET https://cloudbilling.googleapis.com/v1/projects/gencsafa-management-app/billingInfo [none]
[debug] [2025-09-23T23:15:17.781Z] <<< [apiv2][status] GET https://cloudbilling.googleapis.com/v1/projects/gencsafa-management-app/billingInfo 200
[debug] [2025-09-23T23:15:17.782Z] <<< [apiv2][body] GET https://cloudbilling.googleapis.com/v1/projects/gencsafa-management-app/billingInfo {"name":"projects/gencsafa-management-app/billingInfo","projectId":"gencsafa-management-app","billingAccountName":"billingAccounts/0108D3-A5ADC8-4E5C95","billingEnabled":true}
[debug] [2025-09-23T23:15:17.784Z] Checked if tokens are valid: true, expires at: 1758672867988
[debug] [2025-09-23T23:15:17.784Z] Checked if tokens are valid: true, expires at: 1758672867988
[debug] [2025-09-23T23:15:17.784Z] >>> [apiv2][query] POST https://cloudfunctions.googleapis.com/v2/projects/gencsafa-management-app/locations/us-central1/functions:generateUploadUrl [none]
[debug] [2025-09-23T23:15:19.685Z] <<< [apiv2][status] POST https://cloudfunctions.googleapis.com/v2/projects/gencsafa-management-app/locations/us-central1/functions:generateUploadUrl 200
[debug] [2025-09-23T23:15:19.686Z] <<< [apiv2][body] POST https://cloudfunctions.googleapis.com/v2/projects/gencsafa-management-app/locations/us-central1/functions:generateUploadUrl {"uploadUrl":"https://storage.googleapis.com/gcf-v2-uploads-571545558200.us-central1.cloudfunctions.appspot.com/d45a53dc-9076-4acd-ae08-f21ff9e0199a.zip?GoogleAccessId=service-571545558200@gcf-admin-robot.iam.gserviceaccount.com&Expires=1758671119&Signature=Izmk2u0O9UpGjF93f6y2H4oDOvYvmX7GnMNpiymqDl23IbapUfu5cHwLyN7TQdXEVMyNlpt7RV2uUaul3CwsKwty7KqU2ZKVQCe0KwlElwld9gRfYSZ83NSFW0CmCj0%2FI2GU16YxUjTvXNUA9GxPwASExRUGt%2BXrqG1pP1P3X4lBnYU8jf6l4oJEuRNuswtEq0TW1ONOHLeGwSDITbY%2FeeAw15z8e4zPCOFxzCKSnEvrA4ZQRdWBq8ZHFNu%2B7fZ6N5JRfoPq0a6d331%2B6flszrUDxOrVvGv2z2ZlCOr4QDreNyAA%2FDNCSUuGbJsQjCAWJ42XBYB3wLFh5zU7XT0cfw%3D%3D","storageSource":{"bucket":"gcf-v2-uploads-571545558200.us-central1.cloudfunctions.appspot.com","object":"d45a53dc-9076-4acd-ae08-f21ff9e0199a.zip"}}
[debug] [2025-09-23T23:15:19.687Z] >>> [apiv2][query] PUT https://storage.googleapis.com/gcf-v2-uploads-571545558200.us-central1.cloudfunctions.appspot.com/d45a53dc-9076-4acd-ae08-f21ff9e0199a.zip GoogleAccessId=service-571545558200%40gcf-admin-robot.iam.gserviceaccount.com&Expires=1758671119&Signature=Izmk2u0O9UpGjF93f6y2H4oDOvYvmX7GnMNpiymqDl23IbapUfu5cHwLyN7TQdXEVMyNlpt7RV2uUaul3CwsKwty7KqU2ZKVQCe0KwlElwld9gRfYSZ83NSFW0CmCj0%2FI2GU16YxUjTvXNUA9GxPwASExRUGt%2BXrqG1pP1P3X4lBnYU8jf6l4oJEuRNuswtEq0TW1ONOHLeGwSDITbY%2FeeAw15z8e4zPCOFxzCKSnEvrA4ZQRdWBq8ZHFNu%2B7fZ6N5JRfoPq0a6d331%2B6flszrUDxOrVvGv2z2ZlCOr4QDreNyAA%2FDNCSUuGbJsQjCAWJ42XBYB3wLFh5zU7XT0cfw%3D%3D
[debug] [2025-09-23T23:15:19.688Z] >>> [apiv2][body] PUT https://storage.googleapis.com/gcf-v2-uploads-571545558200.us-central1.cloudfunctions.appspot.com/d45a53dc-9076-4acd-ae08-f21ff9e0199a.zip [stream]
[debug] [2025-09-23T23:15:20.298Z] <<< [apiv2][status] PUT https://storage.googleapis.com/gcf-v2-uploads-571545558200.us-central1.cloudfunctions.appspot.com/d45a53dc-9076-4acd-ae08-f21ff9e0199a.zip 200
[debug] [2025-09-23T23:15:20.299Z] <<< [apiv2][body] PUT https://storage.googleapis.com/gcf-v2-uploads-571545558200.us-central1.cloudfunctions.appspot.com/d45a53dc-9076-4acd-ae08-f21ff9e0199a.zip [omitted]
[info] ✔  functions: functions folder uploaded successfully 
[info] i  functions: creating Node.js 20 (2nd Gen) function onMessageCreate(us-central1)... 
[debug] [2025-09-23T23:15:20.305Z] Checked if tokens are valid: true, expires at: 1758672867988
[debug] [2025-09-23T23:15:20.305Z] Checked if tokens are valid: true, expires at: 1758672867988
[debug] [2025-09-23T23:15:20.305Z] >>> [apiv2][query] POST https://cloudfunctions.googleapis.com/v2/projects/gencsafa-management-app/locations/us-central1/functions functionId=onMessageCreate
[debug] [2025-09-23T23:15:20.306Z] >>> [apiv2][body] POST https://cloudfunctions.googleapis.com/v2/projects/gencsafa-management-app/locations/us-central1/functions {"name":"projects/gencsafa-management-app/locations/us-central1/functions/onMessageCreate","buildConfig":{"runtime":"nodejs20","entryPoint":"onMessageCreate","source":{"storageSource":{"bucket":"gcf-v2-uploads-571545558200.us-central1.cloudfunctions.appspot.com","object":"d45a53dc-9076-4acd-ae08-f21ff9e0199a.zip"}},"environmentVariables":{"GOOGLE_NODE_RUN_SCRIPTS":""}},"serviceConfig":{"environmentVariables":{"FIREBASE_CONFIG":"{\"projectId\":\"gencsafa-management-app\",\"storageBucket\":\"gencsafa-management-app.firebasestorage.app\"}","GCLOUD_PROJECT":"gencsafa-management-app","EVENTARC_CLOUD_EVENT_SOURCE":"projects/gencsafa-management-app/locations/us-central1/services/onMessageCreate","FUNCTION_SIGNATURE_TYPE":"cloudevent","FUNCTION_TARGET":"onMessageCreate"},"ingressSettings":null,"timeoutSeconds":null,"serviceAccountEmail":null,"availableMemory":"256Mi","minInstanceCount":null,"maxInstanceCount":null,"maxInstanceRequestConcurrency":80,"availableCpu":"1","vpcConnector":null,"vpcConnectorEgressSettings":null},"labels":{"deployment-tool":"cli-firebase","firebase-functions-hash":"483a0f8a3b05acb6a0215971327e79068d7f6f07"},"eventTrigger":{"eventType":"google.cloud.firestore.document.v1.created","retryPolicy":"RETRY_POLICY_DO_NOT_RETRY","eventFilters":[{"attribute":"database","value":"(default)"},{"attribute":"namespace","value":"(default)"},{"attribute":"document","value":"messages/{messageId}","operator":"match-path-pattern"}],"triggerRegion":"nam5"}}
[debug] [2025-09-23T23:15:37.375Z] <<< [apiv2][status] POST https://cloudfunctions.googleapis.com/v2/projects/gencsafa-management-app/locations/us-central1/functions 400
[debug] [2025-09-23T23:15:37.376Z] <<< [apiv2][body] POST https://cloudfunctions.googleapis.com/v2/projects/gencsafa-management-app/locations/us-central1/functions {"error":{"code":400,"message":"Validation failed for trigger projects/gencsafa-management-app/locations/nam5/triggers/onmessagecreate-570938: Invalid resource state for \"\": Permission denied while using the Eventarc Service Agent. If you recently started to use Eventarc, it may take a few minutes before all necessary permissions are propagated to the Service Agent. Otherwise, verify that it has Eventarc Service Agent role.","status":"FAILED_PRECONDITION"}}
[warn] ⚠  functions: Request to https://cloudfunctions.googleapis.com/v2/projects/gencsafa-management-app/locations/us-central1/functions?functionId=onMessageCreate had HTTP Error: 400, Validation failed for trigger projects/gencsafa-management-app/locations/nam5/triggers/onmessagecreate-570938: Invalid resource state for "": Permission denied while using the Eventarc Service Agent. If you recently started to use Eventarc, it may take a few minutes before all necessary permissions are propagated to the Service Agent. Otherwise, verify that it has Eventarc Service Agent role. 
[warn] ⚠  functions: Since this is your first time using 2nd gen functions, we need a little bit longer to finish setting everything up. Retry the deployment in a few minutes. 
[warn] ⚠  functions:  failed to create function projects/gencsafa-management-app/locations/us-central1/functions/onMessageCreate 
[error] Failed to create function projects/gencsafa-management-app/locations/us-central1/functions/onMessageCreate
[debug] [2025-09-23T23:15:37.386Z] Total Function Deployment time: 17077
[debug] [2025-09-23T23:15:37.386Z] 1 Functions Deployed
[debug] [2025-09-23T23:15:37.387Z] 1 Functions Errored
[debug] [2025-09-23T23:15:37.387Z] 0 Function Deployments Aborted
[debug] [2025-09-23T23:15:37.387Z] Average Function Deployment time: 17076
[info] 
[info] Functions deploy had errors with the following functions:
	onMessageCreate(us-central1)
[info] i  functions: cleaning up build files... 
[debug] [2025-09-23T23:15:37.588Z] Checked if tokens are valid: true, expires at: 1758672867988
[debug] [2025-09-23T23:15:37.589Z] Checked if tokens are valid: true, expires at: 1758672867988
[debug] [2025-09-23T23:15:37.591Z] Checked if tokens are valid: true, expires at: 1758672867988
[debug] [2025-09-23T23:15:37.591Z] Checked if tokens are valid: true, expires at: 1758672867988
[debug] [2025-09-23T23:15:37.591Z] >>> [apiv2][query] DELETE https://artifactregistry.googleapis.com/v1beta2/projects/gencsafa-management-app/locations/us-central1/repositories/gcf-artifacts/packages/on_message_create [none]
[debug] [2025-09-23T23:15:37.600Z] >>> [apiv2][query] GET https://us.gcr.io/v2/gencsafa-management-app/gcf/us-central1/tags/list [none]
[debug] [2025-09-23T23:15:38.575Z] <<< [apiv2][status] DELETE https://artifactregistry.googleapis.com/v1beta2/projects/gencsafa-management-app/locations/us-central1/repositories/gcf-artifacts/packages/on_message_create 404
[debug] [2025-09-23T23:15:38.575Z] <<< [apiv2][body] DELETE https://artifactregistry.googleapis.com/v1beta2/projects/gencsafa-management-app/locations/us-central1/repositories/gcf-artifacts/packages/on_message_create {"error":{"code":404,"message":"Package \"projects/gencsafa-management-app/locations/us-central1/repositories/gcf-artifacts/packages/on_message_create\" was not found.","status":"NOT_FOUND"}}
[debug] [2025-09-23T23:15:39.135Z] <<< [apiv2][status] GET https://us.gcr.io/v2/gencsafa-management-app/gcf/us-central1/tags/list 404
[debug] [2025-09-23T23:15:39.135Z] <<< [apiv2][body] GET https://us.gcr.io/v2/gencsafa-management-app/gcf/us-central1/tags/list {"errors":[{"code":"NAME_UNKNOWN","message":"Repository \"us.gcr.io\" not found"}]}
[debug] [2025-09-23T23:15:39.135Z] Failed docker command with error  Request to https://us.gcr.io/v2/gencsafa-management-app/gcf/us-central1/tags/list had HTTP Error: 404, Not Found {"name":"FirebaseError","children":[],"context":{"body":{"errors":[{"code":"NAME_UNKNOWN","message":"Repository \"us.gcr.io\" not found"}],"error":{"message":"Not Found"}},"response":{"statusCode":404}},"exit":1,"message":"Request to https://us.gcr.io/v2/gencsafa-management-app/gcf/us-central1/tags/list had HTTP Error: 404, Not Found","status":404}
[debug] [2025-09-23T23:15:39.137Z] Checked if tokens are valid: true, expires at: 1758672867988
[debug] [2025-09-23T23:15:39.137Z] Checked if tokens are valid: true, expires at: 1758672867988
[debug] [2025-09-23T23:15:39.138Z] >>> [apiv2][query] GET https://us.gcr.io/v2/gencsafa-management-app/gcf/us-central1/tags/list [none]
[debug] [2025-09-23T23:15:39.453Z] <<< [apiv2][status] GET https://us.gcr.io/v2/gencsafa-management-app/gcf/us-central1/tags/list 404
[debug] [2025-09-23T23:15:39.454Z] <<< [apiv2][body] GET https://us.gcr.io/v2/gencsafa-management-app/gcf/us-central1/tags/list {"errors":[{"code":"NAME_UNKNOWN","message":"Repository \"us.gcr.io\" not found"}]}
[debug] [2025-09-23T23:15:39.454Z] Failed docker command with error  Request to https://us.gcr.io/v2/gencsafa-management-app/gcf/us-central1/tags/list had HTTP Error: 404, Not Found {"name":"FirebaseError","children":[],"context":{"body":{"errors":[{"code":"NAME_UNKNOWN","message":"Repository \"us.gcr.io\" not found"}],"error":{"message":"Not Found"}},"response":{"statusCode":404}},"exit":1,"message":"Request to https://us.gcr.io/v2/gencsafa-management-app/gcf/us-central1/tags/list had HTTP Error: 404, Not Found","status":404}
[debug] [2025-09-23T23:15:39.556Z] Checked if tokens are valid: true, expires at: 1758672867988
[debug] [2025-09-23T23:15:39.557Z] Checked if tokens are valid: true, expires at: 1758672867988
[debug] [2025-09-23T23:15:39.557Z] >>> [apiv2][query] GET https://us.gcr.io/v2/gencsafa-management-app/gcf/us-central1/tags/list [none]
[debug] [2025-09-23T23:15:39.837Z] <<< [apiv2][status] GET https://us.gcr.io/v2/gencsafa-management-app/gcf/us-central1/tags/list 404
[debug] [2025-09-23T23:15:39.837Z] <<< [apiv2][body] GET https://us.gcr.io/v2/gencsafa-management-app/gcf/us-central1/tags/list {"errors":[{"code":"NAME_UNKNOWN","message":"Repository \"us.gcr.io\" not found"}]}
[debug] [2025-09-23T23:15:39.838Z] Failed docker command with error  Request to https://us.gcr.io/v2/gencsafa-management-app/gcf/us-central1/tags/list had HTTP Error: 404, Not Found {"name":"FirebaseError","children":[],"context":{"body":{"errors":[{"code":"NAME_UNKNOWN","message":"Repository \"us.gcr.io\" not found"}],"error":{"message":"Not Found"}},"response":{"statusCode":404}},"exit":1,"message":"Request to https://us.gcr.io/v2/gencsafa-management-app/gcf/us-central1/tags/list had HTTP Error: 404, Not Found","status":404}
[warn] ⚠  functions: Unhandled error cleaning up build images. This could result in a small monthly bill if not corrected. You can attempt to delete these images by redeploying or you can delete them manually at https://console.cloud.google.com/gcr/images/gencsafa-management-app/us/gcf 
[debug] [2025-09-23T23:15:39.838Z] Functions deploy failed.
[debug] [2025-09-23T23:15:39.838Z] {
  "endpoint": {
    "id": "onMessageCreate",
    "project": "gencsafa-management-app",
    "region": "us-central1",
    "entryPoint": "onMessageCreate",
    "platform": "gcfv2",
    "runtime": "nodejs20",
    "eventTrigger": {
      "eventType": "google.cloud.firestore.document.v1.created",
      "retry": false,
      "eventFilters": {
        "database": "(default)",
        "namespace": "(default)"
      },
      "eventFilterPathPatterns": {
        "document": "messages/{messageId}"
      },
      "region": "nam5"
    },
    "labels": {
      "deployment-tool": "cli-firebase"
    },
    "ingressSettings": null,
    "availableMemoryMb": null,
    "serviceAccount": null,
    "timeoutSeconds": null,
    "maxInstances": null,
    "minInstances": null,
    "concurrency": 80,
    "vpc": null,
    "environmentVariables": {
      "FIREBASE_CONFIG": "{\"projectId\":\"gencsafa-management-app\",\"storageBucket\":\"gencsafa-management-app.firebasestorage.app\"}",
      "GCLOUD_PROJECT": "gencsafa-management-app",
      "EVENTARC_CLOUD_EVENT_SOURCE": "projects/gencsafa-management-app/locations/us-central1/services/onMessageCreate"
    },
    "codebase": "default",
    "cpu": 1,
    "targetedByOnly": false,
    "hash": "483a0f8a3b05acb6a0215971327e79068d7f6f07"
  },
  "op": "create",
  "original": {
    "name": "FirebaseError",
    "children": [],
    "context": {
      "function": "projects/gencsafa-management-app/locations/us-central1/functions/onMessageCreate"
    },
    "exit": 1,
    "message": "Failed to create function projects/gencsafa-management-app/locations/us-central1/functions/onMessageCreate",
    "original": {
      "name": "FirebaseError",
      "children": [],
      "context": {
        "body": {
          "error": {
            "code": 400,
            "message": "Validation failed for trigger projects/gencsafa-management-app/locations/nam5/triggers/onmessagecreate-570938: Invalid resource state for \"\": Permission denied while using the Eventarc Service Agent. If you recently started to use Eventarc, it may take a few minutes before all necessary permissions are propagated to the Service Agent. Otherwise, verify that it has Eventarc Service Agent role.",
            "status": "FAILED_PRECONDITION"
          }
        },
        "response": {
          "statusCode": 400
        }
      },
      "exit": 1,
      "message": "Request to https://cloudfunctions.googleapis.com/v2/projects/gencsafa-management-app/locations/us-central1/functions?functionId=onMessageCreate had HTTP Error: 400, Validation failed for trigger projects/gencsafa-management-app/locations/nam5/triggers/onmessagecreate-570938: Invalid resource state for \"\": Permission denied while using the Eventarc Service Agent. If you recently started to use Eventarc, it may take a few minutes before all necessary permissions are propagated to the Service Agent. Otherwise, verify that it has Eventarc Service Agent role.",
      "status": 400
    },
    "status": 400,
    "code": 400
  }
}
[debug] [2025-09-23T23:15:39.918Z] Error: Failed to create function onMessageCreate in region us-central1
    at /Users/mehmettahauyar/.nvm/versions/node/v22.3.0/lib/node_modules/firebase-tools/lib/deploy/functions/release/fabricator.js:294:27
    at process.processTicksAndRejections (node:internal/process/task_queues:95:5)
    at async Fabricator.createV2Function (/Users/mehmettahauyar/.nvm/versions/node/v22.3.0/lib/node_modules/firebase-tools/lib/deploy/functions/release/fabricator.js:278:30)
    at async Fabricator.createEndpoint (/Users/mehmettahauyar/.nvm/versions/node/v22.3.0/lib/node_modules/firebase-tools/lib/deploy/functions/release/fabricator.js:137:13)
    at async handle (/Users/mehmettahauyar/.nvm/versions/node/v22.3.0/lib/node_modules/firebase-tools/lib/deploy/functions/release/fabricator.js:89:17)
[error] 
[error] Error: There was an error deploying functions
